<?xml version="1.0" encoding="UTF-8"?>
<!-- Generated by org.testng.reporters.JUnitReportReporter -->
<testsuite skipped="0" hostname="VIKRAM" name="qa.SignIn.LoginPage.versaPay.LoginPageTest" tests="7" failures="0" timestamp="07 Jun 2019 20:51:05 GMT" time="40.558" errors="0">
  <testcase name="TC_04_loginWithEmptyPassword" time="5.034" classname="qa.SignIn.LoginPage.versaPay.LoginPageTest"/>
  <testcase name="TC_08_loginWithCorrectUserIdAndPassword" time="10.165" classname="qa.SignIn.LoginPage.versaPay.LoginPageTest"/>
  <testcase name="TC_05_loginWithWrongPassword" time="5.710" classname="qa.SignIn.LoginPage.versaPay.LoginPageTest"/>
  <testcase name="TC_07_ResetWithLastPasswordUsed" time="10.003" classname="qa.SignIn.LoginPage.versaPay.LoginPageTest"/>
  <testcase name="TC_03_loginWithSpecialCharInEmailorPhone" time="3.354" classname="qa.SignIn.LoginPage.versaPay.LoginPageTest"/>
  <testcase name="TC_06_ResetWithRegisteredEmail" time="3.206" classname="qa.SignIn.LoginPage.versaPay.LoginPageTest"/>
  <testcase name="TC_02_loginWithEmptyEmailorPhone" time="3.086" classname="qa.SignIn.LoginPage.versaPay.LoginPageTest"/>
</testsuite> <!-- qa.SignIn.LoginPage.versaPay.LoginPageTest -->
